build/outputs/logs/manifest-merger-debug-report.txt
-- Merging decision tree log ---
manifest
ADDED from AndroidManifest.xml:2:1-174:12
	package
		ADDED from AndroidManifest.xml:3:5-27
	android:versionName
		ADDED from AndroidManifest.xml:5:5-34
		INJECTED from AndroidManifest.xml
		INJECTED from AndroidManifest.xml
	android:versionCode
		ADDED from AndroidManifest.xml:4:5-31
		INJECTED from AndroidManifest.xml
		INJECTED from AndroidManifest.xml
	xmlns:android
		ADDED from AndroidManifest.xml:2:11-69
uses-sdk
ADDED from AndroidManifest.xml:7:5-9:41
	android:targetSdkVersion
		ADDED from AndroidManifest.xml:9:9-38
	android:minSdkVersion
		ADDED from AndroidManifest.xml:8:9-35
supports-screens
ADDED from AndroidManifest.xml:11:5-16:39
	android:largeScreens
		ADDED from AndroidManifest.xml:13:9-36
	android:smallScreens
		ADDED from AndroidManifest.xml:16:9-36
	android:normalScreens
		ADDED from AndroidManifest.xml:14:9-38
	android:resizeable
		ADDED from AndroidManifest.xml:15:9-34
	android:anyDensity
		ADDED from AndroidManifest.xml:12:9-34
uses-permission#android.permission.INTERNET
ADDED from AndroidManifest.xml:19:5-67
	android:name
		ADDED from AndroidManifest.xml:19:22-64
uses-permission#android.permission.WRITE_EXTERNAL_STORAGE
ADDED from AndroidManifest.xml:20:5-81
	android:name
		ADDED from AndroidManifest.xml:20:22-78
uses-permission#android.permission.READ_PHONE_STATE
ADDED from AndroidManifest.xml:21:5-75
	android:name
		ADDED from AndroidManifest.xml:21:22-72
uses-permission#android.permission.READ_LOGS
ADDED from AndroidManifest.xml:22:5-68
	android:name
		ADDED from AndroidManifest.xml:22:22-65
permission#cn.bmob.permission.push
ADDED from AndroidManifest.xml:24:5-26:44
	android:protectionLevel
		ADDED from AndroidManifest.xml:26:9-41
	android:name
		ADDED from AndroidManifest.xml:25:9-47
uses-permission#cn.bmob.permission.push
ADDED from AndroidManifest.xml:28:5-63
	android:name
		ADDED from AndroidManifest.xml:28:22-60
uses-permission#android.permission.ACCESS_NETWORK_STATE
ADDED from AndroidManifest.xml:29:5-79
	android:name
		ADDED from AndroidManifest.xml:29:22-76
uses-permission#android.permission.ACCESS_WIFI_STATE
ADDED from AndroidManifest.xml:30:5-76
	android:name
		ADDED from AndroidManifest.xml:30:22-73
uses-permission#android.permission.RECORD_AUDIO
ADDED from AndroidManifest.xml:31:2-67
	android:name
		ADDED from AndroidManifest.xml:31:19-65
uses-permission#android.permission.MOUNT_UNMOUNT_FILESYSTEMS
ADDED from AndroidManifest.xml:34:5-84
	android:name
		ADDED from AndroidManifest.xml:34:22-81
uses-permission#android.permission.VIBRATE
ADDED from AndroidManifest.xml:36:5-66
	android:name
		ADDED from AndroidManifest.xml:36:22-63
uses-permission#android.permission.GET_ACCOUNTS
ADDED from AndroidManifest.xml:38:5-71
	android:name
		ADDED from AndroidManifest.xml:38:22-68
uses-permission#android.permission.USE_CREDENTIALS
ADDED from AndroidManifest.xml:39:5-74
	android:name
		ADDED from AndroidManifest.xml:39:22-71
uses-permission#android.permission.MANAGE_ACCOUNTS
ADDED from AndroidManifest.xml:40:5-74
	android:name
		ADDED from AndroidManifest.xml:40:22-71
uses-permission#android.permission.AUTHENTICATE_ACCOUNTS
ADDED from AndroidManifest.xml:41:5-80
	android:name
		ADDED from AndroidManifest.xml:41:22-77
uses-permission#android.permission.BAIDU_LOCATION_SERVICE
ADDED from AndroidManifest.xml:42:5-81
	android:name
		ADDED from AndroidManifest.xml:42:22-78
uses-permission#android.permission.ACCESS_MOCK_LOCATION
ADDED from AndroidManifest.xml:43:5-79
	android:name
		ADDED from AndroidManifest.xml:43:22-76
uses-permission#com.android.launcher.permission.READ_SETTINGS
ADDED from AndroidManifest.xml:44:5-85
	android:name
		ADDED from AndroidManifest.xml:44:22-82
uses-permission#android.permission.WAKE_LOCK
ADDED from AndroidManifest.xml:45:5-68
	android:name
		ADDED from AndroidManifest.xml:45:22-65
uses-permission#android.permission.ACCESS_GPS
ADDED from AndroidManifest.xml:46:5-69
	android:name
		ADDED from AndroidManifest.xml:46:22-66
uses-permission#android.permission.READ_CONTACTS
ADDED from AndroidManifest.xml:47:5-72
	android:name
		ADDED from AndroidManifest.xml:47:22-69
uses-permission#android.permission.CALL_PHONE
ADDED from AndroidManifest.xml:48:5-69
	android:name
		ADDED from AndroidManifest.xml:48:22-66
uses-permission#android.permission.READ_SMS
ADDED from AndroidManifest.xml:49:5-67
	android:name
		ADDED from AndroidManifest.xml:49:22-64
uses-permission#android.permission.SEND_SMS
ADDED from AndroidManifest.xml:50:5-67
	android:name
		ADDED from AndroidManifest.xml:50:22-64
uses-permission#android.permission.GET_TASKS
ADDED from AndroidManifest.xml:52:5-68
	android:name
		ADDED from AndroidManifest.xml:52:22-65
uses-permission#android.permission.CAMERA
ADDED from AndroidManifest.xml:53:5-65
	android:name
		ADDED from AndroidManifest.xml:53:22-62
uses-permission#android.permission.RECEIVE_BOOT_COMPLETED
ADDED from AndroidManifest.xml:56:5-81
	android:name
		ADDED from AndroidManifest.xml:56:22-78
uses-permission#android.permission.BROADCAST_STICKY
ADDED from AndroidManifest.xml:57:5-75
	android:name
		ADDED from AndroidManifest.xml:57:22-72
uses-permission#android.permission.WRITE_SETTINGS
ADDED from AndroidManifest.xml:58:5-73
	android:name
		ADDED from AndroidManifest.xml:58:22-70
uses-permission#android.permission.PROCESS_OUTGOING_CALLS
ADDED from AndroidManifest.xml:60:5-81
	android:name
		ADDED from AndroidManifest.xml:60:22-78
uses-permission#android.permission.MODIFY_AUDIO_SETTINGS
ADDED from AndroidManifest.xml:61:5-80
	android:name
		ADDED from AndroidManifest.xml:61:22-77
uses-permission#android.permission.ACCESS_COARSE_LOCATION
ADDED from AndroidManifest.xml:64:5-81
	android:name
		ADDED from AndroidManifest.xml:64:22-78
uses-permission#android.permission.ACCESS_FINE_LOCATION
ADDED from AndroidManifest.xml:66:5-79
	android:name
		ADDED from AndroidManifest.xml:66:22-76
uses-permission#android.permission.CHANGE_WIFI_STATE
ADDED from AndroidManifest.xml:72:5-76
	android:name
		ADDED from AndroidManifest.xml:72:22-73
application
ADDED from AndroidManifest.xml:76:5-172:19
	android:label
		ADDED from AndroidManifest.xml:80:9-41
	android:allowBackup
		ADDED from AndroidManifest.xml:78:9-35
	android:icon
		ADDED from AndroidManifest.xml:79:9-45
	android:theme
		ADDED from AndroidManifest.xml:81:9-40
	android:name
		ADDED from AndroidManifest.xml:77:9-53
activity#com.xpple.im.ui.SplashActivity
ADDED from AndroidManifest.xml:82:9-90:20
	android:label
		ADDED from AndroidManifest.xml:84:13-45
	android:name
		ADDED from AndroidManifest.xml:83:13-58
intent-filter#android.intent.action.MAIN+android.intent.category.LAUNCHER
ADDED from AndroidManifest.xml:85:13-89:29
action#android.intent.action.MAIN
ADDED from AndroidManifest.xml:86:17-69
	android:name
		ADDED from AndroidManifest.xml:86:25-66
category#android.intent.category.LAUNCHER
ADDED from AndroidManifest.xml:88:17-77
	android:name
		ADDED from AndroidManifest.xml:88:27-74
activity#cn.bmob.v3.update.UpdateDialogActivity
ADDED from AndroidManifest.xml:91:9-94:20
	android:theme
		ADDED from AndroidManifest.xml:93:13-72
	android:name
		ADDED from AndroidManifest.xml:92:13-66
activity#com.xpple.im.ui.MainActivity
ADDED from AndroidManifest.xml:95:9-98:73
	android:launchMode
		ADDED from AndroidManifest.xml:97:13-44
	android:windowSoftInputMode
		ADDED from AndroidManifest.xml:98:13-70
	android:name
		ADDED from AndroidManifest.xml:96:13-56
activity#com.xpple.im.ui.AboutActivity
ADDED from AndroidManifest.xml:99:9-66
	android:name
		ADDED from AndroidManifest.xml:99:19-63
activity#com.xpple.im.ui.RobotActivity
ADDED from AndroidManifest.xml:100:9-66
	android:name
		ADDED from AndroidManifest.xml:100:19-63
activity#com.xpple.im.ui.RadarActivity
ADDED from AndroidManifest.xml:101:9-66
	android:name
		ADDED from AndroidManifest.xml:101:19-63
activity#com.xpple.im.ui.PuzzleActivity
ADDED from AndroidManifest.xml:102:9-67
	android:name
		ADDED from AndroidManifest.xml:102:19-64
activity#com.xpple.im.ui.SetActivity
ADDED from AndroidManifest.xml:103:9-64
	android:name
		ADDED from AndroidManifest.xml:103:19-61
activity#com.xpple.im.ui.SendFeedbackActivity
ADDED from AndroidManifest.xml:104:9-73
	android:name
		ADDED from AndroidManifest.xml:104:19-70
activity#com.xpple.im.ui.FeedbackListActivity
ADDED from AndroidManifest.xml:105:9-73
	android:name
		ADDED from AndroidManifest.xml:105:19-70
activity#com.xpple.im.ui.LoginActivity
ADDED from AndroidManifest.xml:106:9-66
	android:name
		ADDED from AndroidManifest.xml:106:19-63
activity#com.xpple.im.ui.LocationActivity
ADDED from AndroidManifest.xml:107:9-69
	android:name
		ADDED from AndroidManifest.xml:107:19-66
activity#com.xpple.im.ui.BlackListActivity
ADDED from AndroidManifest.xml:108:9-70
	android:name
		ADDED from AndroidManifest.xml:108:19-67
activity#com.xpple.im.ui.ImageBrowserActivity
ADDED from AndroidManifest.xml:109:9-73
	android:name
		ADDED from AndroidManifest.xml:109:19-70
activity#com.xpple.im.ui.AddFriendActivity
ADDED from AndroidManifest.xml:110:9-112:67
	android:windowSoftInputMode
		ADDED from AndroidManifest.xml:112:13-64
	android:name
		ADDED from AndroidManifest.xml:111:13-61
activity#com.xpple.im.ui.NewFriendActivity
ADDED from AndroidManifest.xml:113:9-70
	android:name
		ADDED from AndroidManifest.xml:113:19-67
activity#com.xpple.im.ui.NearPeopleActivity
ADDED from AndroidManifest.xml:114:9-71
	android:name
		ADDED from AndroidManifest.xml:114:19-68
activity#com.xpple.im.ui.UpdateInfoActivity
ADDED from AndroidManifest.xml:115:9-71
	android:name
		ADDED from AndroidManifest.xml:115:19-68
activity#com.xpple.im.ui.ChatActivity
ADDED from AndroidManifest.xml:116:9-118:76
	android:windowSoftInputMode
		ADDED from AndroidManifest.xml:118:13-73
	android:name
		ADDED from AndroidManifest.xml:117:13-56
activity#com.xpple.im.ui.SetMyInfoActivity
ADDED from AndroidManifest.xml:119:9-70
	android:name
		ADDED from AndroidManifest.xml:119:19-67
activity#com.xpple.im.ui.RegisterActivity
ADDED from AndroidManifest.xml:120:9-122:48
	android:label
		ADDED from AndroidManifest.xml:122:13-45
	android:name
		ADDED from AndroidManifest.xml:121:13-60
meta-data#com.baidu.lbsapi.API_KEY
ADDED from AndroidManifest.xml:125:9-127:56
	android:value
		ADDED from AndroidManifest.xml:127:13-53
	android:name
		ADDED from AndroidManifest.xml:126:13-52
service#com.baidu.location.f
ADDED from AndroidManifest.xml:129:9-133:19
	android:enabled
		ADDED from AndroidManifest.xml:131:13-35
	android:process
		ADDED from AndroidManifest.xml:132:13-38
	android:name
		ADDED from AndroidManifest.xml:130:13-48
service#cn.bmob.push.lib.service.PushService
ADDED from AndroidManifest.xml:136:9-145:19
	android:process
		ADDED from AndroidManifest.xml:141:13-43
	android:label
		ADDED from AndroidManifest.xml:139:13-40
	android:exported
		ADDED from AndroidManifest.xml:138:13-36
	android:permission
		ADDED from AndroidManifest.xml:140:13-57
	android:name
		ADDED from AndroidManifest.xml:137:13-64
intent-filter#cn.bmob.push.lib.service.PushService
ADDED from AndroidManifest.xml:142:13-144:29
action#cn.bmob.push.lib.service.PushService
ADDED from AndroidManifest.xml:143:17-79
	android:name
		ADDED from AndroidManifest.xml:143:25-76
receiver#cn.bmob.push.PushReceiver
ADDED from AndroidManifest.xml:147:9-156:20
	android:name
		ADDED from AndroidManifest.xml:147:19-59
intent-filter#android.intent.action.BOOT_COMPLETED+android.intent.action.USER_PRESENT+android.net.conn.CONNECTIVITY_CHANGE
ADDED from AndroidManifest.xml:148:13-155:29
	android:priority
		ADDED from AndroidManifest.xml:148:28-57
action#android.intent.action.BOOT_COMPLETED
ADDED from AndroidManifest.xml:150:17-79
	android:name
		ADDED from AndroidManifest.xml:150:25-76
action#android.intent.action.USER_PRESENT
ADDED from AndroidManifest.xml:152:17-77
	android:name
		ADDED from AndroidManifest.xml:152:25-74
action#android.net.conn.CONNECTIVITY_CHANGE
ADDED from AndroidManifest.xml:154:17-79
	android:name
		ADDED from AndroidManifest.xml:154:25-76
receiver#com.xpple.im.MyMessageReceiver
ADDED from AndroidManifest.xml:157:9-161:20
	android:name
		ADDED from AndroidManifest.xml:157:19-64
intent-filter#cn.bmob.push.action.MESSAGE
ADDED from AndroidManifest.xml:158:13-160:29
action#cn.bmob.push.action.MESSAGE
ADDED from AndroidManifest.xml:159:17-70
	android:name
		ADDED from AndroidManifest.xml:159:25-67
service#cn.bmob.im.poll.BmobPollService
ADDED from AndroidManifest.xml:167:9-171:19
	android:name
		ADDED from AndroidManifest.xml:167:18-64
intent-filter#cn.bmob.im.service.BmobPollService
ADDED from AndroidManifest.xml:168:13-170:29
action#cn.bmob.im.service.BmobPollService
ADDED from AndroidManifest.xml:169:17-77
	android:name
		ADDED from AndroidManifest.xml:169:25-74